#-----------------------------------------------------------
# Webtalk v2018.2 (64-bit)
# SW Build 2258646 on Thu Jun 14 20:03:12 MDT 2018
# 
# Start of session at: Tue Sep 11 21:05:01 2018
# Process ID: 15020
# Current directory: F:/Git/DigitalViolin/ZynqBoard/Zynq7020/Zynq7020.sdk/webtalk
# Command line: wbtcv.exe -mode batch -source sdk_webtalk.tcl
# Log file: F:/Git/DigitalViolin/ZynqBoard/Zynq7020/Zynq7020.sdk/webtalk/webtalk.log
# Journal file: F:/Git/DigitalViolin/ZynqBoard/Zynq7020/Zynq7020.sdk/webtalk\webtalk.jou
#-----------------------------------------------------------
source sdk_webtalk.tcl
# webtalk_init -webtalk_dir F:\\Git\\DigitalViolin\\ZynqBoard\\Zynq7020\\Zynq7020.sdk\\webtalk
# webtalk_register_client -client project
# webtalk_add_data -client project -key date_generated -value "2018-09-11 21:05:00" -context "software_version_and_target_device"
# webtalk_add_data -client project -key product_version -value "SDK v2018.2" -context "software_version_and_target_device"
# webtalk_add_data -client project -key build_version -value "2018.2" -context "software_version_and_target_device"
# webtalk_add_data -client project -key os_platform -value "amd64" -context "software_version_and_target_device"
# webtalk_add_data -client project -key registration_id -value "" -context "software_version_and_target_device"
# webtalk_add_data -client project -key tool_flow -value "SDK" -context "software_version_and_target_device"
# webtalk_add_data -client project -key beta -value "false" -context "software_version_and_target_device"
# webtalk_add_data -client project -key route_design -value "NA" -context "software_version_and_target_device"
# webtalk_add_data -client project -key target_family -value "NA" -context "software_version_and_target_device"
# webtalk_add_data -client project -key target_device -value "NA" -context "software_version_and_target_device"
# webtalk_add_data -client project -key target_package -value "NA" -context "software_version_and_target_device"
# webtalk_add_data -client project -key target_speed -value "NA" -context "software_version_and_target_device"
# webtalk_add_data -client project -key random_id -value "1227u8devikhfhgq1b8fpkv6j6" -context "software_version_and_target_device"
# webtalk_add_data -client project -key project_id -value "2018.2_1" -context "software_version_and_target_device"
# webtalk_add_data -client project -key project_iteration -value "1" -context "software_version_and_target_device"
# webtalk_add_data -client project -key os_name -value "Microsoft Windows 7 , 64-bit" -context "user_environment"
# webtalk_add_data -client project -key os_release -value "Service Pack 1  (build 7601)" -context "user_environment"
# webtalk_add_data -client project -key cpu_name -value "Intel(R) Core(TM) i7-2600K CPU @ 3.40GHz" -context "user_environment"
# webtalk_add_data -client project -key cpu_speed -value "3502 MHz" -context "user_environment"
# webtalk_add_data -client project -key total_processors -value "1" -context "user_environment"
# webtalk_add_data -client project -key system_ram -value "17.145 GB" -context "user_environment"
# webtalk_register_client -client sdk
# webtalk_add_data -client sdk -key uid -value "1536656416000" -context "sdk\\\\hardware/1536656416000"
# webtalk_add_data -client sdk -key isZynq -value "true" -context "sdk\\\\hardware/1536656416000"
# webtalk_add_data -client sdk -key isZynqMP -value "false" -context "sdk\\\\hardware/1536656416000"
# webtalk_add_data -client sdk -key Processors -value "2" -context "sdk\\\\hardware/1536656416000"
# webtalk_add_data -client sdk -key VivadoVersion -value "2018.2" -context "sdk\\\\hardware/1536656416000"
# webtalk_add_data -client sdk -key Arch -value "zynq" -context "sdk\\\\hardware/1536656416000"
# webtalk_add_data -client sdk -key Device -value "7z020" -context "sdk\\\\hardware/1536656416000"
# webtalk_add_data -client sdk -key IsHandoff -value "true" -context "sdk\\\\hardware/1536656416000"
# webtalk_add_data -client sdk -key os -value "NA" -context "sdk\\\\hardware/1536656416000"
# webtalk_add_data -client sdk -key apptemplate -value "NA" -context "sdk\\\\hardware/1536656416000"
# webtalk_add_data -client sdk -key RecordType -value "HWCreation" -context "sdk\\\\hardware/1536656416000"
# webtalk_add_data -client sdk -key uid -value "1536664732000" -context "sdk\\\\bsp/1536664732000"
# webtalk_add_data -client sdk -key hwid -value "1536656416000" -context "sdk\\\\bsp/1536664732000"
# webtalk_add_data -client sdk -key os -value "standalone" -context "sdk\\\\bsp/1536664732000"
# webtalk_add_data -client sdk -key apptemplate -value "empty_application" -context "sdk\\\\bsp/1536664732000"
# webtalk_add_data -client sdk -key RecordType -value "BSPCreation" -context "sdk\\\\bsp/1536664732000"
# webtalk_add_data -client sdk -key uid -value "1536664734000" -context "sdk\\\\application/1536664734000"
# webtalk_add_data -client sdk -key hwid -value "1536656416000" -context "sdk\\\\application/1536664734000"
# webtalk_add_data -client sdk -key bspid -value "1536664732000" -context "sdk\\\\application/1536664734000"
# webtalk_add_data -client sdk -key newbsp -value "true" -context "sdk\\\\application/1536664734000"
# webtalk_add_data -client sdk -key os -value "standalone" -context "sdk\\\\application/1536664734000"
# webtalk_add_data -client sdk -key apptemplate -value "empty_application" -context "sdk\\\\application/1536664734000"
# webtalk_add_data -client sdk -key RecordType -value "APPCreation" -context "sdk\\\\application/1536664734000"
# webtalk_add_data -client sdk -key LangUsed -value "C" -context "sdk\\\\application/1536664734000"
# webtalk_add_data -client sdk -key Procused -value "ps7_cortexa9" -context "sdk\\\\application/1536664734000"
# webtalk_add_data -client sdk -key uid -value "1536665622000" -context "sdk\\\\bsp/1536665622000"
# webtalk_add_data -client sdk -key hwid -value "1536656416000" -context "sdk\\\\bsp/1536665622000"
# webtalk_add_data -client sdk -key os -value "standalone" -context "sdk\\\\bsp/1536665622000"
# webtalk_add_data -client sdk -key apptemplate -value "zynq_fsbl" -context "sdk\\\\bsp/1536665622000"
# webtalk_add_data -client sdk -key RecordType -value "BSPCreation" -context "sdk\\\\bsp/1536665622000"
# webtalk_add_data -client sdk -key uid -value "1536665628000" -context "sdk\\\\application/1536665628000"
# webtalk_add_data -client sdk -key hwid -value "1536656416000" -context "sdk\\\\application/1536665628000"
# webtalk_add_data -client sdk -key bspid -value "1536665622000" -context "sdk\\\\application/1536665628000"
# webtalk_add_data -client sdk -key newbsp -value "true" -context "sdk\\\\application/1536665628000"
# webtalk_add_data -client sdk -key os -value "standalone" -context "sdk\\\\application/1536665628000"
# webtalk_add_data -client sdk -key apptemplate -value "zynq_fsbl" -context "sdk\\\\application/1536665628000"
# webtalk_add_data -client sdk -key RecordType -value "APPCreation" -context "sdk\\\\application/1536665628000"
# webtalk_add_data -client sdk -key LangUsed -value "C" -context "sdk\\\\application/1536665628000"
# webtalk_add_data -client sdk -key Procused -value "ps7_cortexa9" -context "sdk\\\\application/1536665628000"
# webtalk_add_data -client sdk -key uid -value "1536666346000" -context "sdk\\\\bsp/1536666346000"
# webtalk_add_data -client sdk -key hwid -value "1536656416000" -context "sdk\\\\bsp/1536666346000"
# webtalk_add_data -client sdk -key os -value "standalone" -context "sdk\\\\bsp/1536666346000"
# webtalk_add_data -client sdk -key apptemplate -value "hello_world" -context "sdk\\\\bsp/1536666346000"
# webtalk_add_data -client sdk -key RecordType -value "BSPCreation" -context "sdk\\\\bsp/1536666346000"
# webtalk_add_data -client sdk -key uid -value "1536666348000" -context "sdk\\\\application/1536666348000"
# webtalk_add_data -client sdk -key hwid -value "1536656416000" -context "sdk\\\\application/1536666348000"
# webtalk_add_data -client sdk -key bspid -value "1536666346000" -context "sdk\\\\application/1536666348000"
# webtalk_add_data -client sdk -key newbsp -value "true" -context "sdk\\\\application/1536666348000"
# webtalk_add_data -client sdk -key os -value "standalone" -context "sdk\\\\application/1536666348000"
# webtalk_add_data -client sdk -key apptemplate -value "hello_world" -context "sdk\\\\application/1536666348000"
# webtalk_add_data -client sdk -key RecordType -value "APPCreation" -context "sdk\\\\application/1536666348000"
# webtalk_add_data -client sdk -key LangUsed -value "C" -context "sdk\\\\application/1536666348000"
# webtalk_add_data -client sdk -key Procused -value "ps7_cortexa9" -context "sdk\\\\application/1536666348000"
# webtalk_add_data -client sdk -key uid -value "1536667168000" -context "sdk\\\\bsp/1536667168000"
# webtalk_add_data -client sdk -key hwid -value "1536656416000" -context "sdk\\\\bsp/1536667168000"
# webtalk_add_data -client sdk -key os -value "standalone" -context "sdk\\\\bsp/1536667168000"
# webtalk_add_data -client sdk -key apptemplate -value "empty_application" -context "sdk\\\\bsp/1536667168000"
# webtalk_add_data -client sdk -key RecordType -value "BSPCreation" -context "sdk\\\\bsp/1536667168000"
# webtalk_add_data -client sdk -key uid -value "1536667170000" -context "sdk\\\\application/1536667170000"
# webtalk_add_data -client sdk -key hwid -value "1536656416000" -context "sdk\\\\application/1536667170000"
# webtalk_add_data -client sdk -key bspid -value "1536667168000" -context "sdk\\\\application/1536667170000"
# webtalk_add_data -client sdk -key newbsp -value "true" -context "sdk\\\\application/1536667170000"
# webtalk_add_data -client sdk -key os -value "standalone" -context "sdk\\\\application/1536667170000"
# webtalk_add_data -client sdk -key apptemplate -value "empty_application" -context "sdk\\\\application/1536667170000"
# webtalk_add_data -client sdk -key RecordType -value "APPCreation" -context "sdk\\\\application/1536667170000"
# webtalk_add_data -client sdk -key LangUsed -value "C" -context "sdk\\\\application/1536667170000"
# webtalk_add_data -client sdk -key Procused -value "ps7_cortexa9" -context "sdk\\\\application/1536667170000"
# webtalk_add_data -client sdk -key uid -value "NA" -context "sdk\\\\bsp/1536667500592"
# webtalk_add_data -client sdk -key RecordType -value "ToolUsage" -context "sdk\\\\bsp/1536667500592"
# webtalk_add_data -client sdk -key BootgenCount -value "0" -context "sdk\\\\bsp/1536667500592"
# webtalk_add_data -client sdk -key DebugCount -value "0" -context "sdk\\\\bsp/1536667500592"
# webtalk_add_data -client sdk -key PerfCount -value "0" -context "sdk\\\\bsp/1536667500592"
# webtalk_add_data -client sdk -key FlashCount -value "0" -context "sdk\\\\bsp/1536667500592"
# webtalk_add_data -client sdk -key CrossTriggCount -value "0" -context "sdk\\\\bsp/1536667500592"
# webtalk_add_data -client sdk -key QemuDebugCount -value "0" -context "sdk\\\\bsp/1536667500592"
# webtalk_transmit -clientid 3129120736 -regid "" -xml F:\\Git\\DigitalViolin\\ZynqBoard\\Zynq7020\\Zynq7020.sdk\\webtalk\\usage_statistics_ext_sdk.xml -html F:\\Git\\DigitalViolin\\ZynqBoard\\Zynq7020\\Zynq7020.sdk\\webtalk\\usage_statistics_ext_sdk.html -wdm F:\\Git\\DigitalViolin\\ZynqBoard\\Zynq7020\\Zynq7020.sdk\\webtalk\\sdk_webtalk.wdm -intro "<H3>SDK Usage Report</H3><BR>"
INFO: [Common 17-186] 'F:\Git\DigitalViolin\ZynqBoard\Zynq7020\Zynq7020.sdk\webtalk\usage_statistics_ext_sdk.xml' has been successfully sent to Xilinx on Tue Sep 11 21:05:06 2018. For additional details about this file, please refer to the WebTalk help file at F:/Xilinx/SDK/2018.2/doc/webtalk_introduction.html.
# webtalk_terminate
INFO: [Common 17-206] Exiting Webtalk at Tue Sep 11 21:05:06 2018...
