#-----------------------------------------------------------
# Webtalk v2018.2 (64-bit)
# SW Build 2258646 on Thu Jun 14 20:03:12 MDT 2018
# 
# Start of session at: Tue Sep 11 23:10:18 2018
# Process ID: 1216
# Current directory: F:/Git/DigitalViolin/ZynqBoard/Zynq7020/Zynq7020.sdk/webtalk
# Command line: wbtcv.exe -mode batch -source sdk_webtalk.tcl
# Log file: F:/Git/DigitalViolin/ZynqBoard/Zynq7020/Zynq7020.sdk/webtalk/webtalk.log
# Journal file: F:/Git/DigitalViolin/ZynqBoard/Zynq7020/Zynq7020.sdk/webtalk\webtalk.jou
#-----------------------------------------------------------
source sdk_webtalk.tcl
# webtalk_init -webtalk_dir F:\\Git\\DigitalViolin\\ZynqBoard\\Zynq7020\\Zynq7020.sdk\\webtalk
# webtalk_register_client -client project
# webtalk_add_data -client project -key date_generated -value "2018-09-11 23:10:17" -context "software_version_and_target_device"
# webtalk_add_data -client project -key product_version -value "SDK v2018.2" -context "software_version_and_target_device"
# webtalk_add_data -client project -key build_version -value "2018.2" -context "software_version_and_target_device"
# webtalk_add_data -client project -key os_platform -value "amd64" -context "software_version_and_target_device"
# webtalk_add_data -client project -key registration_id -value "" -context "software_version_and_target_device"
# webtalk_add_data -client project -key tool_flow -value "SDK" -context "software_version_and_target_device"
# webtalk_add_data -client project -key beta -value "false" -context "software_version_and_target_device"
# webtalk_add_data -client project -key route_design -value "NA" -context "software_version_and_target_device"
# webtalk_add_data -client project -key target_family -value "NA" -context "software_version_and_target_device"
# webtalk_add_data -client project -key target_device -value "NA" -context "software_version_and_target_device"
# webtalk_add_data -client project -key target_package -value "NA" -context "software_version_and_target_device"
# webtalk_add_data -client project -key target_speed -value "NA" -context "software_version_and_target_device"
# webtalk_add_data -client project -key random_id -value "ogaoeb6kgdf56s297nrbfmol54" -context "software_version_and_target_device"
# webtalk_add_data -client project -key project_id -value "2018.2_2" -context "software_version_and_target_device"
# webtalk_add_data -client project -key project_iteration -value "2" -context "software_version_and_target_device"
# webtalk_add_data -client project -key os_name -value "Microsoft Windows 7 , 64-bit" -context "user_environment"
# webtalk_add_data -client project -key os_release -value "Service Pack 1  (build 7601)" -context "user_environment"
# webtalk_add_data -client project -key cpu_name -value "Intel(R) Core(TM) i7-2600K CPU @ 3.40GHz" -context "user_environment"
# webtalk_add_data -client project -key cpu_speed -value "3502 MHz" -context "user_environment"
# webtalk_add_data -client project -key total_processors -value "1" -context "user_environment"
# webtalk_add_data -client project -key system_ram -value "17.145 GB" -context "user_environment"
# webtalk_register_client -client sdk
# webtalk_add_data -client sdk -key uid -value "1536674130000" -context "sdk\\\\application/1536674130000"
# webtalk_add_data -client sdk -key hwid -value "1536656416000" -context "sdk\\\\application/1536674130000"
# webtalk_add_data -client sdk -key bspid -value "1536667168000" -context "sdk\\\\application/1536674130000"
# webtalk_add_data -client sdk -key newbsp -value "false" -context "sdk\\\\application/1536674130000"
# webtalk_add_data -client sdk -key os -value "standalone" -context "sdk\\\\application/1536674130000"
# webtalk_add_data -client sdk -key apptemplate -value "peripheral_tests" -context "sdk\\\\application/1536674130000"
# webtalk_add_data -client sdk -key RecordType -value "APPCreation" -context "sdk\\\\application/1536674130000"
# webtalk_add_data -client sdk -key LangUsed -value "C" -context "sdk\\\\application/1536674130000"
# webtalk_add_data -client sdk -key Procused -value "ps7_cortexa9" -context "sdk\\\\application/1536674130000"
# webtalk_add_data -client sdk -key projSize -value "460.63671875" -context "sdk\\\\application/1536674130000"
# webtalk_add_data -client sdk -key uid -value "NA" -context "sdk\\\\bsp/1536675017584"
# webtalk_add_data -client sdk -key RecordType -value "ToolUsage" -context "sdk\\\\bsp/1536675017584"
# webtalk_add_data -client sdk -key BootgenCount -value "0" -context "sdk\\\\bsp/1536675017584"
# webtalk_add_data -client sdk -key DebugCount -value "2" -context "sdk\\\\bsp/1536675017584"
# webtalk_add_data -client sdk -key PerfCount -value "2" -context "sdk\\\\bsp/1536675017584"
# webtalk_add_data -client sdk -key FlashCount -value "0" -context "sdk\\\\bsp/1536675017584"
# webtalk_add_data -client sdk -key CrossTriggCount -value "0" -context "sdk\\\\bsp/1536675017584"
# webtalk_add_data -client sdk -key QemuDebugCount -value "0" -context "sdk\\\\bsp/1536675017584"
# webtalk_transmit -clientid 1199709891 -regid "" -xml F:\\Git\\DigitalViolin\\ZynqBoard\\Zynq7020\\Zynq7020.sdk\\webtalk\\usage_statistics_ext_sdk.xml -html F:\\Git\\DigitalViolin\\ZynqBoard\\Zynq7020\\Zynq7020.sdk\\webtalk\\usage_statistics_ext_sdk.html -wdm F:\\Git\\DigitalViolin\\ZynqBoard\\Zynq7020\\Zynq7020.sdk\\webtalk\\sdk_webtalk.wdm -intro "<H3>SDK Usage Report</H3><BR>"
INFO: [Common 17-186] 'F:\Git\DigitalViolin\ZynqBoard\Zynq7020\Zynq7020.sdk\webtalk\usage_statistics_ext_sdk.xml' has been successfully sent to Xilinx on Tue Sep 11 23:10:28 2018. For additional details about this file, please refer to the WebTalk help file at F:/Xilinx/SDK/2018.2/doc/webtalk_introduction.html.
# webtalk_terminate
INFO: [Common 17-206] Exiting Webtalk at Tue Sep 11 23:10:28 2018...
