Copyright 1986-2018 Xilinx, Inc. All Rights Reserved.
--------------------------------------------------------------------------------------
| Tool Version : Vivado v.2018.2 (win64) Build 2258646 Thu Jun 14 20:03:12 MDT 2018
| Date         : Sat Sep 15 15:37:34 2018
| Host         : Reiji-PC running 64-bit Service Pack 1  (build 7601)
| Command      : report_control_sets -verbose -file myip_v1_0_control_sets_placed.rpt
| Design       : myip_v1_0
| Device       : xc7z020
--------------------------------------------------------------------------------------

Control Set Information

Table of Contents
-----------------
1. Summary
2. Histogram
3. Flip-Flop Distribution
4. Detailed Control Set Information

1. Summary
----------

+----------------------------------------------------------+-------+
|                          Status                          | Count |
+----------------------------------------------------------+-------+
| Number of unique control sets                            |    20 |
| Unused register locations in slices containing registers |    12 |
+----------------------------------------------------------+-------+


2. Histogram
------------

+--------+--------------+
| Fanout | Control Sets |
+--------+--------------+
|      4 |            2 |
|     12 |            1 |
|    16+ |           17 |
+--------+--------------+


3. Flip-Flop Distribution
-------------------------

+--------------+-----------------------+------------------------+-----------------+--------------+
| Clock Enable | Synchronous Set/Reset | Asynchronous Set/Reset | Total Registers | Total Slices |
+--------------+-----------------------+------------------------+-----------------+--------------+
| No           | No                    | No                     |               0 |            0 |
| No           | No                    | Yes                    |               0 |            0 |
| No           | Yes                   | No                     |              12 |            2 |
| Yes          | No                    | No                     |               0 |            0 |
| Yes          | No                    | Yes                    |               0 |            0 |
| Yes          | Yes                   | No                     |             328 |           29 |
+--------------+-----------------------+------------------------+-----------------+--------------+


4. Detailed Control Set Information
-----------------------------------

+-------------------------+---------------------------------------------+--------------------------------------------+------------------+----------------+
|       Clock Signal      |                Enable Signal                |              Set/Reset Signal              | Slice Load Count | Bel Load Count |
+-------------------------+---------------------------------------------+--------------------------------------------+------------------+----------------+
|  s00_axi_aclk_IBUF_BUFG | myip_v1_0_S00_AXI_inst/axi_arready0         | myip_v1_0_S00_AXI_inst/axi_awready_i_1_n_0 |                1 |              4 |
|  s00_axi_aclk_IBUF_BUFG | myip_v1_0_S00_AXI_inst/axi_awready0         | myip_v1_0_S00_AXI_inst/axi_awready_i_1_n_0 |                1 |              4 |
|  s00_axi_aclk_IBUF_BUFG |                                             | myip_v1_0_S00_AXI_inst/axi_awready_i_1_n_0 |                2 |             12 |
|  s00_axi_aclk_IBUF_BUFG | myip_v1_0_S00_AXI_inst/slv_reg3[31]_i_1_n_0 | myip_v1_0_S00_AXI_inst/axi_awready_i_1_n_0 |                1 |             16 |
|  s00_axi_aclk_IBUF_BUFG | myip_v1_0_S00_AXI_inst/slv_reg3[15]_i_1_n_0 | myip_v1_0_S00_AXI_inst/axi_awready_i_1_n_0 |                1 |             16 |
|  s00_axi_aclk_IBUF_BUFG | myip_v1_0_S00_AXI_inst/slv_reg2[7]_i_1_n_0  | myip_v1_0_S00_AXI_inst/axi_awready_i_1_n_0 |                1 |             16 |
|  s00_axi_aclk_IBUF_BUFG | myip_v1_0_S00_AXI_inst/slv_reg3[23]_i_1_n_0 | myip_v1_0_S00_AXI_inst/axi_awready_i_1_n_0 |                2 |             16 |
|  s00_axi_aclk_IBUF_BUFG | myip_v1_0_S00_AXI_inst/slv_reg1[31]_i_1_n_0 | myip_v1_0_S00_AXI_inst/axi_awready_i_1_n_0 |                2 |             16 |
|  s00_axi_aclk_IBUF_BUFG | myip_v1_0_S00_AXI_inst/slv_reg1[7]_i_1_n_0  | myip_v1_0_S00_AXI_inst/axi_awready_i_1_n_0 |                1 |             16 |
|  s00_axi_aclk_IBUF_BUFG | myip_v1_0_S00_AXI_inst/slv_reg2[31]_i_1_n_0 | myip_v1_0_S00_AXI_inst/axi_awready_i_1_n_0 |                1 |             16 |
|  s00_axi_aclk_IBUF_BUFG | myip_v1_0_S00_AXI_inst/slv_reg2[15]_i_1_n_0 | myip_v1_0_S00_AXI_inst/axi_awready_i_1_n_0 |                1 |             16 |
|  s00_axi_aclk_IBUF_BUFG | myip_v1_0_S00_AXI_inst/slv_reg2[23]_i_1_n_0 | myip_v1_0_S00_AXI_inst/axi_awready_i_1_n_0 |                2 |             16 |
|  s00_axi_aclk_IBUF_BUFG | myip_v1_0_S00_AXI_inst/p_1_in[2]            | myip_v1_0_S00_AXI_inst/axi_awready_i_1_n_0 |                1 |             16 |
|  s00_axi_aclk_IBUF_BUFG | myip_v1_0_S00_AXI_inst/p_1_in[15]           | myip_v1_0_S00_AXI_inst/axi_awready_i_1_n_0 |                1 |             16 |
|  s00_axi_aclk_IBUF_BUFG | myip_v1_0_S00_AXI_inst/p_1_in[23]           | myip_v1_0_S00_AXI_inst/axi_awready_i_1_n_0 |                1 |             16 |
|  s00_axi_aclk_IBUF_BUFG | myip_v1_0_S00_AXI_inst/p_1_in[31]           | myip_v1_0_S00_AXI_inst/axi_awready_i_1_n_0 |                1 |             16 |
|  s00_axi_aclk_IBUF_BUFG | myip_v1_0_S00_AXI_inst/slv_reg1[23]_i_1_n_0 | myip_v1_0_S00_AXI_inst/axi_awready_i_1_n_0 |                1 |             16 |
|  s00_axi_aclk_IBUF_BUFG | myip_v1_0_S00_AXI_inst/slv_reg1[15]_i_1_n_0 | myip_v1_0_S00_AXI_inst/axi_awready_i_1_n_0 |                1 |             16 |
|  s00_axi_aclk_IBUF_BUFG | myip_v1_0_S00_AXI_inst/slv_reg3[7]_i_1_n_0  | myip_v1_0_S00_AXI_inst/axi_awready_i_1_n_0 |                1 |             16 |
|  s00_axi_aclk_IBUF_BUFG | myip_v1_0_S00_AXI_inst/slv_reg_rden__0      | myip_v1_0_S00_AXI_inst/axi_awready_i_1_n_0 |                8 |             64 |
+-------------------------+---------------------------------------------+--------------------------------------------+------------------+----------------+


