04:49:19 **** Incremental Build of configuration Debug for project hello ****
make pre-build main-build 
a9-linaro-pre-build-step
' '
'Building file: ../src/helloworld.c'
'Invoking: ARM v7 gcc compiler'
arm-none-eabi-gcc -Wall -O0 -g3 -c -fmessage-length=0 -MT"src/helloworld.o" -mcpu=cortex-a9 -mfpu=vfpv3 -mfloat-abi=hard -I../../hello_bsp/ps7_cortexa9_0/include -MMD -MP -MF"src/helloworld.d" -MT"src/helloworld.o" -o "src/helloworld.o" "../src/helloworld.c"
../src/helloworld.c: In function 'OnFFTComplete':
../src/helloworld.c:210:9: warning: unused variable 'j' [-Wunused-variable]
 
         ^
../src/helloworld.c:210:6: warning: unused variable 'i' [-Wunused-variable]
 
      ^
../src/helloworld.c:209:10: warning: unused variable 'value' [-Wunused-variable]
  u32 i, j = 0;
          ^~~~~
../src/helloworld.c: In function 'main':
../src/helloworld.c:399:14: warning: format '%d' expects argument of type 'int', but argument 2 has type 'u32 {aka long unsigned int}' [-Wformat=]
 
              ^                                  
../src/helloworld.c:399:14: warning: format '%d' expects argument of type 'int', but argument 3 has type 'u32 {aka long unsigned int}' [-Wformat=]
../src/helloworld.c:399:14: warning: format '%d' expects argument of type 'int', but argument 4 has type 'u32 {aka long unsigned int}' [-Wformat=]
../src/helloworld.c:399:14: warning: format '%d' expects argument of type 'int', but argument 5 has type 'u32 {aka long unsigned int}' [-Wformat=]
../src/helloworld.c:399:14: warning: format '%d' expects argument of type 'int', but argument 6 has type 'u32 {aka long unsigned int}' [-Wformat=]
../src/helloworld.c:399:14: warning: format '%d' expects argument of type 'int', but argument 7 has type 'u32 {aka long unsigned int}' [-Wformat=]
../src/helloworld.c:399:14: warning: format '%d' expects argument of type 'int', but argument 8 has type 'u32 {aka long unsigned int}' [-Wformat=]
../src/helloworld.c:399:14: warning: format '%d' expects argument of type 'int', but argument 9 has type 'u32 {aka long unsigned int}' [-Wformat=]
../src/helloworld.c:500:3: warning: this 'while' clause does not guard... [-Wmisleading-indentation]
 
   ^    
../src/helloworld.c:502:3: note: ...this statement, but the latter is misleadingly indented as if it were guarded by the 'while'
   {
   ^  
../src/helloworld.c:241:18: warning: unused variable 'configXGpioPs' [-Wunused-variable]
 
                  ^            
../src/helloworld.c:240:10: warning: unused variable 'instXGpioPs' [-Wunused-variable]
  XGpioPs_Config *configXGpioPs;
          ^~~~~~~~~~~
../src/helloworld.c:239:17: warning: unused variable 'Config' [-Wunused-variable]
  XGpioPs instXGpioPs;
                 ^~~~~ 
../src/helloworld.c:238:6: warning: unused variable 'status' [-Wunused-variable]
  XIicPs_Config *Config;
      ^~~~~~
../src/helloworld.c:236:6: warning: variable 'note' set but not used [-Wunused-but-set-variable]
  float gain, fingerPos[4];
      ^~~~
../src/helloworld.c:234:68: warning: unused variable 'offset' [-Wunused-variable]
  u8 rddata[10][672], currentRow = 0;
                                                                    ^     
../src/helloworld.c:234:54: warning: unused variable 'sumcount' [-Wunused-variable]
  u8 rddata[10][672], currentRow = 0;
                                                      ^       
../src/helloworld.c:234:48: warning: unused variable 'sum2' [-Wunused-variable]
  u8 rddata[10][672], currentRow = 0;
                                                ^   
../src/helloworld.c:234:42: warning: unused variable 'sum1' [-Wunused-variable]
  u8 rddata[10][672], currentRow = 0;
                                          ^   
../src/helloworld.c:234:32: warning: unused variable 'temp' [-Wunused-variable]
  u8 rddata[10][672], currentRow = 0;
                                ^~~~
../src/helloworld.c:234:26: warning: unused variable 'addr' [-Wunused-variable]
  u8 rddata[10][672], currentRow = 0;
                          ^~~~
../src/helloworld.c:234:18: warning: variable 'upDown' set but not used [-Wunused-but-set-variable]
  u8 rddata[10][672], currentRow = 0;
                  ^~~~~~
'Finished building: ../src/helloworld.c'
' '
'Building target: hello.elf'
'Invoking: ARM v7 gcc linker'
arm-none-eabi-gcc -mcpu=cortex-a9 -mfpu=vfpv3 -mfloat-abi=hard -Wl,-build-id=none -specs=Xilinx.spec -Wl,-T -Wl,../src/lscript.ld -L../../hello_bsp/ps7_cortexa9_0/lib -o "hello.elf"  ./src/fingering.o ./src/helloworld.o ./src/platform.o   -lm -Wl,--start-group,-lxil,-lgcc,-lc,--end-group
'Finished building target: hello.elf'
' '
'Invoking: ARM v7 Print Size'
arm-none-eabi-size hello.elf  |tee "hello.elf.size"
   text	   data	    bss	    dec	    hex	filename
  84224	   4228	  57792	 146244	  23b44	hello.elf
'Finished building: hello.elf.size'
' '

04:49:20 Build Finished (took 543ms)

