Copyright 1986-2018 Xilinx, Inc. All Rights Reserved.
---------------------------------------------------------------------------------------------
| Tool Version : Vivado v.2018.2 (win64) Build 2258646 Thu Jun 14 20:03:12 MDT 2018
| Date         : Wed Oct  3 00:05:22 2018
| Host         : Reiji-PC running 64-bit Service Pack 1  (build 7601)
| Command      : report_control_sets -verbose -file design_1_wrapper_control_sets_placed.rpt
| Design       : design_1_wrapper
| Device       : xc7z020
---------------------------------------------------------------------------------------------

Control Set Information

Table of Contents
-----------------
1. Summary
2. Histogram
3. Flip-Flop Distribution
4. Detailed Control Set Information

1. Summary
----------

+----------------------------------------------------------+-------+
|                          Status                          | Count |
+----------------------------------------------------------+-------+
| Number of unique control sets                            |   102 |
| Unused register locations in slices containing registers |    94 |
+----------------------------------------------------------+-------+


2. Histogram
------------

+--------+--------------+
| Fanout | Control Sets |
+--------+--------------+
|      2 |            2 |
|      4 |            2 |
|      6 |            1 |
|      8 |           17 |
|     10 |            2 |
|     12 |            1 |
|    16+ |           77 |
+--------+--------------+


3. Flip-Flop Distribution
-------------------------

+--------------+-----------------------+------------------------+-----------------+--------------+
| Clock Enable | Synchronous Set/Reset | Asynchronous Set/Reset | Total Registers | Total Slices |
+--------------+-----------------------+------------------------+-----------------+--------------+
| No           | No                    | No                     |            2236 |          317 |
| No           | No                    | Yes                    |               0 |            0 |
| No           | Yes                   | No                     |             386 |           70 |
| Yes          | No                    | No                     |             894 |          115 |
| Yes          | No                    | Yes                    |               0 |            0 |
| Yes          | Yes                   | No                     |            1174 |          138 |
+--------------+-----------------------+------------------------+-----------------+--------------+


4. Detailed Control Set Information
-----------------------------------

+-------------------------------------+----------------------------------------------------------------------------------------------------------------------------------------------------------------+-----------------------------------------------------------------------------------------------------------------------------------------------------+------------------+----------------+
|             Clock Signal            |                                                                          Enable Signal                                                                         |                                                                   Set/Reset Signal                                                                  | Slice Load Count | Bel Load Count |
+-------------------------------------+----------------------------------------------------------------------------------------------------------------------------------------------------------------+-----------------------------------------------------------------------------------------------------------------------------------------------------+------------------+----------------+
|  design_1_i/clk_wiz_0/inst/clk_out1 | design_1_i/ps7_0_axi_periph/m00_couplers/auto_pc/inst/gen_axilite.gen_b2s_conv.axilite_b2s/RD.r_channel_0/r_push_r                                             |                                                                                                                                                     |                1 |              2 |
|  design_1_i/clk_wiz_0/inst/clk_out1 | design_1_i/ps7_0_axi_periph/m01_couplers/auto_pc/inst/gen_axilite.gen_b2s_conv.axilite_b2s/RD.r_channel_0/r_push_r                                             |                                                                                                                                                     |                1 |              2 |
|  design_1_i/clk_wiz_0/inst/clk_out1 | design_1_i/ps7_0_axi_periph/m00_couplers/auto_pc/inst/gen_axilite.gen_b2s_conv.axilite_b2s/WR.b_channel_0/bid_fifo_0/bresp_push                                |                                                                                                                                                     |                1 |              4 |
|  design_1_i/clk_wiz_0/inst/clk_out1 | design_1_i/ps7_0_axi_periph/m01_couplers/auto_pc/inst/gen_axilite.gen_b2s_conv.axilite_b2s/WR.b_channel_0/bid_fifo_0/bresp_push                                |                                                                                                                                                     |                1 |              4 |
|  design_1_i/clk_wiz_0/inst/clk_out1 |                                                                                                                                                                | design_1_i/DSP/DSP_Sin/cordic_0/U0/i_synth/i_synth/gen_cordic.input_stage/gen_rotation.gen_rot_phase.gen_phase_int_dly/phase_cr_a1                  |                1 |              6 |
|  design_1_i/clk_wiz_0/inst/clk_out1 |                                                                                                                                                                | design_1_i/ps7_0_axi_periph/m00_couplers/auto_pc/inst/gen_axilite.gen_b2s_conv.axilite_b2s/SI_REG/aw.aw_pipe/s_ready_i_reg_0                        |                1 |              8 |
|  design_1_i/clk_wiz_0/inst/clk_out1 | design_1_i/ps7_0_axi_periph/m00_couplers/auto_pc/inst/gen_axilite.gen_b2s_conv.axilite_b2s/WR.aw_channel_0/aw_cmd_fsm_0/b_push                                 |                                                                                                                                                     |                1 |              8 |
|  design_1_i/clk_wiz_0/inst/clk_out1 | design_1_i/ps7_0_axi_periph/m00_couplers/auto_pc/inst/gen_axilite.gen_b2s_conv.axilite_b2s/WR.aw_channel_0/aw_cmd_fsm_0/E[0]                                   |                                                                                                                                                     |                1 |              8 |
|  design_1_i/clk_wiz_0/inst/clk_out1 | design_1_i/DSP/axi_bram_ctrl_0/U0/gext_inst.abcv4_0_ext_inst/GEN_AXI4.I_FULL_AXI/I_RD_CHNL/FSM_sequential_rd_data_sm_cs[3]_i_1_n_0                             | design_1_i/DSP/axi_bram_ctrl_0/U0/gext_inst.abcv4_0_ext_inst/GEN_AXI4.I_FULL_AXI/I_RD_CHNL/I_WRAP_BRST/bram_rst_a                                   |                4 |              8 |
|  design_1_i/clk_wiz_0/inst/clk_out1 |                                                                                                                                                                | design_1_i/ps7_0_axi_periph/m00_couplers/auto_pc/inst/gen_axilite.gen_b2s_conv.axilite_b2s/SI_REG/ar.ar_pipe/m_valid_i_reg_0                        |                1 |              8 |
|  design_1_i/clk_wiz_0/inst/clk_out1 |                                                                                                                                                                | design_1_i/ps7_0_axi_periph/m01_couplers/auto_pc/inst/gen_axilite.gen_b2s_conv.axilite_b2s/SI_REG/ar.ar_pipe/m_valid_i_reg_0                        |                2 |              8 |
|  design_1_i/clk_wiz_0/inst/clk_out1 |                                                                                                                                                                | design_1_i/ps7_0_axi_periph/m01_couplers/auto_pc/inst/gen_axilite.gen_b2s_conv.axilite_b2s/SI_REG/aw.aw_pipe/s_ready_i_reg_0                        |                2 |              8 |
|  design_1_i/clk_wiz_0/inst/clk_out1 | design_1_i/DSP/axi_bram_ctrl_0/U0/gext_inst.abcv4_0_ext_inst/GEN_AXI4.I_FULL_AXI/I_WR_CHNL/wrdata_reg_ld                                                       | design_1_i/DSP/axi_bram_ctrl_0/U0/gext_inst.abcv4_0_ext_inst/GEN_AXI4.I_FULL_AXI/I_WR_CHNL/GEN_WR_NO_ECC.bram_we_int[3]_i_1_n_0                     |                1 |              8 |
|  design_1_i/clk_wiz_0/inst/clk_out1 | design_1_i/ps7_0_axi_periph/m00_couplers/auto_pc/inst/gen_axilite.gen_b2s_conv.axilite_b2s/WR.aw_channel_0/cmd_translator_0/incr_cmd_0/axaddr_incr[11]_i_1_n_0 |                                                                                                                                                     |                2 |              8 |
|  design_1_i/clk_wiz_0/inst/clk_out1 | design_1_i/ps7_0_axi_periph/m00_couplers/auto_pc/inst/gen_axilite.gen_b2s_conv.axilite_b2s/RD.ar_channel_0/ar_cmd_fsm_0/axaddr_incr_reg[0][0]                  |                                                                                                                                                     |                1 |              8 |
|  design_1_i/clk_wiz_0/inst/clk_out1 | design_1_i/ps7_0_axi_periph/m00_couplers/auto_pc/inst/gen_axilite.gen_b2s_conv.axilite_b2s/RD.ar_channel_0/ar_cmd_fsm_0/E[0]                                   |                                                                                                                                                     |                2 |              8 |
|  design_1_i/clk_wiz_0/inst/clk_out1 | design_1_i/ps7_0_axi_periph/m01_couplers/auto_pc/inst/gen_axilite.gen_b2s_conv.axilite_b2s/WR.aw_channel_0/aw_cmd_fsm_0/b_push                                 |                                                                                                                                                     |                1 |              8 |
|  design_1_i/clk_wiz_0/inst/clk_out1 | design_1_i/ps7_0_axi_periph/m01_couplers/auto_pc/inst/gen_axilite.gen_b2s_conv.axilite_b2s/RD.ar_channel_0/ar_cmd_fsm_0/axaddr_incr_reg[0][0]                  |                                                                                                                                                     |                1 |              8 |
|  design_1_i/clk_wiz_0/inst/clk_out1 | design_1_i/ps7_0_axi_periph/m01_couplers/auto_pc/inst/gen_axilite.gen_b2s_conv.axilite_b2s/RD.ar_channel_0/ar_cmd_fsm_0/E[0]                                   |                                                                                                                                                     |                2 |              8 |
|  design_1_i/clk_wiz_0/inst/clk_out1 | design_1_i/ps7_0_axi_periph/m01_couplers/auto_pc/inst/gen_axilite.gen_b2s_conv.axilite_b2s/WR.aw_channel_0/cmd_translator_0/incr_cmd_0/axaddr_incr[11]_i_1_n_0 |                                                                                                                                                     |                2 |              8 |
|  design_1_i/clk_wiz_0/inst/clk_out1 | design_1_i/ps7_0_axi_periph/m01_couplers/auto_pc/inst/gen_axilite.gen_b2s_conv.axilite_b2s/WR.aw_channel_0/aw_cmd_fsm_0/E[0]                                   |                                                                                                                                                     |                1 |              8 |
| ~design_1_i/clk_wiz_0/inst/clk_out1 |                                                                                                                                                                |                                                                                                                                                     |                2 |              8 |
|  design_1_i/clk_wiz_0/inst/clk_out1 |                                                                                                                                                                | design_1_i/rst_ps7_0_50M/U0/EXT_LPF/lpf_int                                                                                                         |                2 |             10 |
| ~design_1_i/clk_wiz_0/inst/clk_out1 | design_1_i/DAC_IF_0/inst/bitCounter[4]_i_2_n_0                                                                                                                 | design_1_i/DAC_IF_0/inst/bitCounter[4]_i_1_n_0                                                                                                      |                1 |             10 |
|  design_1_i/clk_wiz_0/inst/clk_out1 | design_1_i/rst_ps7_0_50M/U0/SEQ/seq_cnt_en                                                                                                                     | design_1_i/rst_ps7_0_50M/U0/SEQ/SEQ_COUNTER/clear                                                                                                   |                1 |             12 |
|  design_1_i/clk_wiz_0/inst/clk_out1 | design_1_i/DSP/DSP_register_0/inst/DSP_register_v1_0_S00_AXI_inst/p_1_in[23]                                                                                   | design_1_i/DSP/DSP_register_0/inst/DSP_register_v1_0_S00_AXI_inst/slv_reg0[0]_i_1_n_0                                                               |                1 |             16 |
|  design_1_i/clk_wiz_0/inst/clk_out1 | design_1_i/myip_0/inst/myip_v1_0_S00_AXI_inst/slv_reg3[15]_i_1_n_0                                                                                             | design_1_i/myip_0/inst/myip_v1_0_S00_AXI_inst/axi_awready_i_1_n_0                                                                                   |                3 |             16 |
|  design_1_i/clk_wiz_0/inst/clk_out1 | design_1_i/DSP/DSP_register_0/inst/DSP_register_v1_0_S00_AXI_inst/slv_reg2[23]_i_1_n_0                                                                         | design_1_i/DSP/DSP_register_0/inst/DSP_register_v1_0_S00_AXI_inst/slv_reg0[0]_i_1_n_0                                                               |                2 |             16 |
|  design_1_i/clk_wiz_0/inst/clk_out1 | design_1_i/DSP/DSP_register_0/inst/DSP_register_v1_0_S00_AXI_inst/slv_reg1[23]_i_1_n_0                                                                         | design_1_i/DSP/DSP_register_0/inst/DSP_register_v1_0_S00_AXI_inst/slv_reg0[0]_i_1_n_0                                                               |                1 |             16 |
|  design_1_i/clk_wiz_0/inst/clk_out1 | design_1_i/DSP/DSP_register_0/inst/DSP_register_v1_0_S00_AXI_inst/slv_reg2[31]_i_1_n_0                                                                         | design_1_i/DSP/DSP_register_0/inst/DSP_register_v1_0_S00_AXI_inst/slv_reg0[0]_i_1_n_0                                                               |                1 |             16 |
|  design_1_i/clk_wiz_0/inst/clk_out1 | design_1_i/myip_0/inst/myip_v1_0_S00_AXI_inst/slv_reg1[23]_i_1_n_0                                                                                             | design_1_i/myip_0/inst/myip_v1_0_S00_AXI_inst/axi_awready_i_1_n_0                                                                                   |                1 |             16 |
|  design_1_i/clk_wiz_0/inst/clk_out1 | design_1_i/DSP/DSP_register_0/inst/DSP_register_v1_0_S00_AXI_inst/slv_reg3[31]_i_1_n_0                                                                         | design_1_i/DSP/DSP_register_0/inst/DSP_register_v1_0_S00_AXI_inst/slv_reg0[0]_i_1_n_0                                                               |                1 |             16 |
|  design_1_i/clk_wiz_0/inst/clk_out1 | design_1_i/myip_0/inst/myip_v1_0_S00_AXI_inst/p_1_in[23]                                                                                                       | design_1_i/myip_0/inst/myip_v1_0_S00_AXI_inst/axi_awready_i_1_n_0                                                                                   |                1 |             16 |
|  design_1_i/clk_wiz_0/inst/clk_out1 | design_1_i/DSP/DSP_register_0/inst/DSP_register_v1_0_S00_AXI_inst/slv_reg2[15]_i_1_n_0                                                                         | design_1_i/DSP/DSP_register_0/inst/DSP_register_v1_0_S00_AXI_inst/slv_reg0[0]_i_1_n_0                                                               |                1 |             16 |
|  design_1_i/clk_wiz_0/inst/clk_out1 | design_1_i/myip_0/inst/myip_v1_0_S00_AXI_inst/slv_reg1[7]_i_1_n_0                                                                                              | design_1_i/myip_0/inst/myip_v1_0_S00_AXI_inst/axi_awready_i_1_n_0                                                                                   |                2 |             16 |
|  design_1_i/clk_wiz_0/inst/clk_out1 | design_1_i/DSP/DSP_register_0/inst/DSP_register_v1_0_S00_AXI_inst/slv_reg3[7]_i_1_n_0                                                                          | design_1_i/DSP/DSP_register_0/inst/DSP_register_v1_0_S00_AXI_inst/slv_reg0[0]_i_1_n_0                                                               |                2 |             16 |
|  design_1_i/clk_wiz_0/inst/clk_out1 | design_1_i/myip_0/inst/myip_v1_0_S00_AXI_inst/slv_reg2[7]_i_1_n_0                                                                                              | design_1_i/myip_0/inst/myip_v1_0_S00_AXI_inst/axi_awready_i_1_n_0                                                                                   |                1 |             16 |
|  design_1_i/clk_wiz_0/inst/clk_out1 | design_1_i/DSP/DSP_register_0/inst/DSP_register_v1_0_S00_AXI_inst/p_1_in[31]                                                                                   | design_1_i/DSP/DSP_register_0/inst/DSP_register_v1_0_S00_AXI_inst/slv_reg0[0]_i_1_n_0                                                               |                1 |             16 |
|  design_1_i/clk_wiz_0/inst/clk_out1 | design_1_i/DSP/DSP_register_0/inst/DSP_register_v1_0_S00_AXI_inst/slv_reg1[15]_i_1_n_0                                                                         | design_1_i/DSP/DSP_register_0/inst/DSP_register_v1_0_S00_AXI_inst/slv_reg0[0]_i_1_n_0                                                               |                1 |             16 |
|  design_1_i/clk_wiz_0/inst/clk_out1 | design_1_i/myip_0/inst/myip_v1_0_S00_AXI_inst/p_1_in[2]                                                                                                        | design_1_i/myip_0/inst/myip_v1_0_S00_AXI_inst/axi_awready_i_1_n_0                                                                                   |                1 |             16 |
|  design_1_i/clk_wiz_0/inst/clk_out1 | design_1_i/myip_0/inst/myip_v1_0_S00_AXI_inst/slv_reg2[15]_i_1_n_0                                                                                             | design_1_i/myip_0/inst/myip_v1_0_S00_AXI_inst/axi_awready_i_1_n_0                                                                                   |                2 |             16 |
|  design_1_i/clk_wiz_0/inst/clk_out1 | design_1_i/DSP/DSP_register_0/inst/DSP_register_v1_0_S00_AXI_inst/slv_reg1[31]_i_1_n_0                                                                         | design_1_i/DSP/DSP_register_0/inst/DSP_register_v1_0_S00_AXI_inst/slv_reg0[0]_i_1_n_0                                                               |                1 |             16 |
|  design_1_i/clk_wiz_0/inst/clk_out1 | design_1_i/DSP/DSP_register_0/inst/DSP_register_v1_0_S00_AXI_inst/p_1_in[0]                                                                                    | design_1_i/DSP/DSP_register_0/inst/DSP_register_v1_0_S00_AXI_inst/slv_reg0[0]_i_1_n_0                                                               |                2 |             16 |
|  design_1_i/clk_wiz_0/inst/clk_out1 | design_1_i/DSP/DSP_register_0/inst/DSP_register_v1_0_S00_AXI_inst/slv_reg1[7]_i_1_n_0                                                                          | design_1_i/DSP/DSP_register_0/inst/DSP_register_v1_0_S00_AXI_inst/slv_reg0[0]_i_1_n_0                                                               |                2 |             16 |
|  design_1_i/clk_wiz_0/inst/clk_out1 | design_1_i/myip_0/inst/myip_v1_0_S00_AXI_inst/p_1_in[31]                                                                                                       | design_1_i/myip_0/inst/myip_v1_0_S00_AXI_inst/axi_awready_i_1_n_0                                                                                   |                1 |             16 |
|  design_1_i/clk_wiz_0/inst/clk_out1 | design_1_i/DSP/DSP_register_0/inst/DSP_register_v1_0_S00_AXI_inst/p_1_in[15]                                                                                   | design_1_i/DSP/DSP_register_0/inst/DSP_register_v1_0_S00_AXI_inst/slv_reg0[0]_i_1_n_0                                                               |                1 |             16 |
|  design_1_i/clk_wiz_0/inst/clk_out1 | design_1_i/DSP/DSP_register_0/inst/DSP_register_v1_0_S00_AXI_inst/slv_reg3[23]_i_1_n_0                                                                         | design_1_i/DSP/DSP_register_0/inst/DSP_register_v1_0_S00_AXI_inst/slv_reg0[0]_i_1_n_0                                                               |                1 |             16 |
|  design_1_i/clk_wiz_0/inst/clk_out1 | design_1_i/myip_0/inst/myip_v1_0_S00_AXI_inst/slv_reg3[23]_i_1_n_0                                                                                             | design_1_i/myip_0/inst/myip_v1_0_S00_AXI_inst/axi_awready_i_1_n_0                                                                                   |                1 |             16 |
|  design_1_i/clk_wiz_0/inst/clk_out1 | design_1_i/ps7_0_axi_periph/xbar/inst/gen_sasd.crossbar_sasd_0/gen_decerr.decerr_slave_inst/gen_axi.read_cnt[7]_i_1_n_0                                        | design_1_i/ps7_0_axi_periph/xbar/inst/gen_sasd.crossbar_sasd_0/addr_arbiter_inst/SR[0]                                                              |                3 |             16 |
|  design_1_i/clk_wiz_0/inst/clk_out1 | design_1_i/ps7_0_axi_periph/m00_couplers/auto_pc/inst/gen_axilite.gen_b2s_conv.axilite_b2s/WR.b_channel_0/mhandshake_r                                         | design_1_i/ps7_0_axi_periph/m00_couplers/auto_pc/inst/gen_axilite.gen_b2s_conv.axilite_b2s/WR.b_channel_0/bid_fifo_0/SR[0]                          |                2 |             16 |
|  design_1_i/clk_wiz_0/inst/clk_out1 | design_1_i/DSP/axi_bram_ctrl_0/U0/gext_inst.abcv4_0_ext_inst/GEN_AXI4.I_FULL_AXI/I_RD_CHNL/brst_cnt[7]_i_1_n_0                                                 | design_1_i/DSP/axi_bram_ctrl_0/U0/gext_inst.abcv4_0_ext_inst/GEN_AXI4.I_FULL_AXI/I_RD_CHNL/I_WRAP_BRST/bram_rst_a                                   |                3 |             16 |
|  design_1_i/clk_wiz_0/inst/clk_out1 | design_1_i/myip_0/inst/myip_v1_0_S00_AXI_inst/p_1_in[15]                                                                                                       | design_1_i/myip_0/inst/myip_v1_0_S00_AXI_inst/axi_awready_i_1_n_0                                                                                   |                3 |             16 |
|  design_1_i/clk_wiz_0/inst/clk_out1 | design_1_i/DSP/DSP_register_0/inst/DSP_register_v1_0_S00_AXI_inst/slv_reg2[7]_i_1_n_0                                                                          | design_1_i/DSP/DSP_register_0/inst/DSP_register_v1_0_S00_AXI_inst/slv_reg0[0]_i_1_n_0                                                               |                3 |             16 |
|  design_1_i/clk_wiz_0/inst/clk_out1 | design_1_i/myip_0/inst/myip_v1_0_S00_AXI_inst/slv_reg2[31]_i_1_n_0                                                                                             | design_1_i/myip_0/inst/myip_v1_0_S00_AXI_inst/axi_awready_i_1_n_0                                                                                   |                1 |             16 |
|  design_1_i/clk_wiz_0/inst/clk_out1 | design_1_i/myip_0/inst/myip_v1_0_S00_AXI_inst/slv_reg2[23]_i_1_n_0                                                                                             | design_1_i/myip_0/inst/myip_v1_0_S00_AXI_inst/axi_awready_i_1_n_0                                                                                   |                1 |             16 |
|  design_1_i/clk_wiz_0/inst/clk_out1 | design_1_i/myip_0/inst/myip_v1_0_S00_AXI_inst/slv_reg1[31]_i_1_n_0                                                                                             | design_1_i/myip_0/inst/myip_v1_0_S00_AXI_inst/axi_awready_i_1_n_0                                                                                   |                1 |             16 |
|  design_1_i/clk_wiz_0/inst/clk_out1 | design_1_i/DSP/DSP_register_0/inst/DSP_register_v1_0_S00_AXI_inst/slv_reg3[15]_i_1_n_0                                                                         | design_1_i/DSP/DSP_register_0/inst/DSP_register_v1_0_S00_AXI_inst/slv_reg0[0]_i_1_n_0                                                               |                1 |             16 |
|  design_1_i/clk_wiz_0/inst/clk_out1 | design_1_i/myip_0/inst/myip_v1_0_S00_AXI_inst/slv_reg3[31]_i_1_n_0                                                                                             | design_1_i/myip_0/inst/myip_v1_0_S00_AXI_inst/axi_awready_i_1_n_0                                                                                   |                2 |             16 |
|  design_1_i/clk_wiz_0/inst/clk_out1 | design_1_i/ps7_0_axi_periph/m01_couplers/auto_pc/inst/gen_axilite.gen_b2s_conv.axilite_b2s/WR.b_channel_0/mhandshake_r                                         | design_1_i/ps7_0_axi_periph/m01_couplers/auto_pc/inst/gen_axilite.gen_b2s_conv.axilite_b2s/WR.b_channel_0/bid_fifo_0/SR[0]                          |                2 |             16 |
|  design_1_i/clk_wiz_0/inst/clk_out1 | design_1_i/myip_0/inst/myip_v1_0_S00_AXI_inst/slv_reg1[15]_i_1_n_0                                                                                             | design_1_i/myip_0/inst/myip_v1_0_S00_AXI_inst/axi_awready_i_1_n_0                                                                                   |                2 |             16 |
|  design_1_i/clk_wiz_0/inst/clk_out1 | design_1_i/myip_0/inst/myip_v1_0_S00_AXI_inst/slv_reg3[7]_i_1_n_0                                                                                              | design_1_i/myip_0/inst/myip_v1_0_S00_AXI_inst/axi_awready_i_1_n_0                                                                                   |                1 |             16 |
| ~design_1_i/clk_wiz_0/inst/clk_out1 |                                                                                                                                                                | design_1_i/DSP/audio_clk_gen_0/inst/prescaler[7]_i_1_n_0                                                                                            |                2 |             16 |
|  design_1_i/clk_wiz_0/inst/clk_out1 |                                                                                                                                                                | design_1_i/DSP/DSP_register_0/inst/DSP_register_v1_0_S00_AXI_inst/slv_reg0[0]_i_1_n_0                                                               |                4 |             20 |
|  design_1_i/clk_wiz_0/inst/clk_out1 | design_1_i/DSP/axi_bram_ctrl_0/U0/gext_inst.abcv4_0_ext_inst/GEN_AXI4.I_FULL_AXI/I_RD_CHNL/I_WRAP_BRST/E[0]                                                    | design_1_i/DSP/axi_bram_ctrl_0/U0/gext_inst.abcv4_0_ext_inst/GEN_AXI4.I_FULL_AXI/I_WR_CHNL/I_WRAP_BRST/ADDR_SNG_PORT.bram_addr_int_reg[11][0]       |                4 |             20 |
|  design_1_i/clk_wiz_0/inst/clk_out1 |                                                                                                                                                                | design_1_i/myip_0/inst/myip_v1_0_S00_AXI_inst/axi_awready_i_1_n_0                                                                                   |                3 |             20 |
|  design_1_i/clk_wiz_0/inst/clk_out1 | design_1_i/DSP/axi_bram_ctrl_0/U0/gext_inst.abcv4_0_ext_inst/GEN_AXI4.I_FULL_AXI/GEN_ARB.I_SNG_PORT/aw_active_re                                               | design_1_i/DSP/axi_bram_ctrl_0/U0/gext_inst.abcv4_0_ext_inst/GEN_AXI4.I_FULL_AXI/I_RD_CHNL/I_WRAP_BRST/bram_rst_a                                   |                5 |             24 |
|  design_1_i/clk_wiz_0/inst/clk_out1 | design_1_i/DSP/axi_bram_ctrl_0/U0/gext_inst.abcv4_0_ext_inst/GEN_AXI4.I_FULL_AXI/GEN_ARB.I_SNG_PORT/ar_active_re                                               | design_1_i/DSP/axi_bram_ctrl_0/U0/gext_inst.abcv4_0_ext_inst/GEN_AXI4.I_FULL_AXI/I_RD_CHNL/I_WRAP_BRST/bram_rst_a                                   |                5 |             28 |
|  design_1_i/clk_wiz_0/inst/clk_out1 | design_1_i/ps7_0_axi_periph/m01_couplers/auto_pc/inst/gen_axilite.gen_b2s_conv.axilite_b2s/RD.ar_channel_0/ar_cmd_fsm_0/m_payload_i_reg[0]_0[0]                |                                                                                                                                                     |                5 |             30 |
|  design_1_i/clk_wiz_0/inst/clk_out1 | design_1_i/ps7_0_axi_periph/m00_couplers/auto_pc/inst/gen_axilite.gen_b2s_conv.axilite_b2s/RD.ar_channel_0/ar_cmd_fsm_0/m_payload_i_reg[0]_0[0]                |                                                                                                                                                     |                3 |             30 |
|  design_1_i/clk_wiz_0/inst/clk_out1 | design_1_i/ps7_0_axi_periph/m01_couplers/auto_pc/inst/gen_axilite.gen_b2s_conv.axilite_b2s/SI_REG/aw.aw_pipe/s_axi_awready                                     |                                                                                                                                                     |                4 |             30 |
|  design_1_i/clk_wiz_0/inst/clk_out1 | design_1_i/ps7_0_axi_periph/m01_couplers/auto_pc/inst/gen_axilite.gen_b2s_conv.axilite_b2s/WR.aw_channel_0/aw_cmd_fsm_0/m_payload_i_reg[0][0]                  |                                                                                                                                                     |                3 |             30 |
|  design_1_i/clk_wiz_0/inst/clk_out1 | design_1_i/ps7_0_axi_periph/m00_couplers/auto_pc/inst/gen_axilite.gen_b2s_conv.axilite_b2s/SI_REG/ar.ar_pipe/s_axi_arready                                     |                                                                                                                                                     |                3 |             30 |
|  design_1_i/clk_wiz_0/inst/clk_out1 | design_1_i/ps7_0_axi_periph/m00_couplers/auto_pc/inst/gen_axilite.gen_b2s_conv.axilite_b2s/WR.aw_channel_0/aw_cmd_fsm_0/m_payload_i_reg[0][0]                  |                                                                                                                                                     |                3 |             30 |
|  design_1_i/clk_wiz_0/inst/clk_out1 | design_1_i/ps7_0_axi_periph/m00_couplers/auto_pc/inst/gen_axilite.gen_b2s_conv.axilite_b2s/SI_REG/aw.aw_pipe/s_axi_awready                                     |                                                                                                                                                     |                2 |             30 |
|  design_1_i/clk_wiz_0/inst/clk_out1 | design_1_i/ps7_0_axi_periph/m01_couplers/auto_pc/inst/gen_axilite.gen_b2s_conv.axilite_b2s/SI_REG/ar.ar_pipe/s_axi_arready                                     |                                                                                                                                                     |                5 |             30 |
|  design_1_i/clk_wiz_0/inst/clk_out1 | design_1_i/ps7_0_axi_periph/m01_couplers/auto_pc/inst/gen_axilite.gen_b2s_conv.axilite_b2s/WR.aw_channel_0/aw_cmd_fsm_0/axaddr_wrap_reg[0][0]                  |                                                                                                                                                     |                6 |             32 |
|  design_1_i/clk_wiz_0/inst/clk_out1 | design_1_i/DSP/DSP_Sin/phase_generator_0/inst/phase_fix16_13[15]_i_2_n_0                                                                                       | design_1_i/DSP/DSP_Sin/phase_generator_0/inst/p_0_in                                                                                                |                3 |             32 |
|  design_1_i/clk_wiz_0/inst/clk_out1 | design_1_i/DSP/DSP_Sin/cordic_0/U0/i_synth/i_synth/gen_cordic.output_stage/gen_rotation.gen_rdy_cr/rdy_cr                                                      |                                                                                                                                                     |                3 |             32 |
|  design_1_i/clk_wiz_0/inst/clk_out1 | design_1_i/ps7_0_axi_periph/m00_couplers/auto_pc/inst/gen_axilite.gen_b2s_conv.axilite_b2s/WR.aw_channel_0/aw_cmd_fsm_0/axaddr_wrap_reg[0][0]                  |                                                                                                                                                     |                6 |             32 |
|  design_1_i/clk_wiz_0/inst/clk_out1 | design_1_i/ps7_0_axi_periph/m01_couplers/auto_pc/inst/gen_axilite.gen_b2s_conv.axilite_b2s/RD.ar_channel_0/ar_cmd_fsm_0/axaddr_wrap_reg[11]_0[0]               |                                                                                                                                                     |                6 |             32 |
| ~design_1_i/clk_wiz_0/inst/clk_out1 | design_1_i/DSP/DSP_Sin/cordic_0/U0/i_synth/i_nd_to_rdy/m_axis_dout_tvalid                                                                                      | design_1_i/DSP/DSP_Sin/output_buffer_0/inst/p_0_in                                                                                                  |                4 |             32 |
|  design_1_i/clk_wiz_0/inst/clk_out1 | design_1_i/ps7_0_axi_periph/xbar/inst/gen_sasd.crossbar_sasd_0/reg_slice_r/aa_rready                                                                           |                                                                                                                                                     |                5 |             32 |
|  design_1_i/clk_wiz_0/inst/clk_out1 | design_1_i/ps7_0_axi_periph/m00_couplers/auto_pc/inst/gen_axilite.gen_b2s_conv.axilite_b2s/RD.ar_channel_0/ar_cmd_fsm_0/axaddr_wrap_reg[11]_0[0]               |                                                                                                                                                     |                7 |             32 |
|  design_1_i/clk_wiz_0/inst/clk_out1 |                                                                                                                                                                | design_1_i/ps7_0_axi_periph/xbar/inst/gen_sasd.crossbar_sasd_0/addr_arbiter_inst/SR[0]                                                              |                6 |             36 |
|  design_1_i/clk_wiz_0/inst/clk_out1 |                                                                                                                                                                | design_1_i/DSP/axi_bram_ctrl_0/U0/gext_inst.abcv4_0_ext_inst/GEN_AXI4.I_FULL_AXI/I_RD_CHNL/I_WRAP_BRST/bram_rst_a                                   |               18 |             62 |
|  design_1_i/clk_wiz_0/inst/clk_out1 | design_1_i/ps7_0_axi_periph/m01_couplers/auto_pc/inst/gen_axilite.gen_b2s_conv.axilite_b2s/RD.r_channel_0/rd_data_fifo_0/wr_en0                                |                                                                                                                                                     |               10 |             64 |
|  design_1_i/clk_wiz_0/inst/clk_out1 | design_1_i/ps7_0_axi_periph/m00_couplers/auto_pc/inst/gen_axilite.gen_b2s_conv.axilite_b2s/RD.r_channel_0/rd_data_fifo_0/wr_en0                                |                                                                                                                                                     |                9 |             64 |
|  design_1_i/clk_wiz_0/inst/clk_out1 | design_1_i/DSP/axi_bram_ctrl_0/U0/gext_inst.abcv4_0_ext_inst/GEN_AXI4.I_FULL_AXI/I_RD_CHNL/axi_rdata_en                                                        | design_1_i/DSP/axi_bram_ctrl_0/U0/gext_inst.abcv4_0_ext_inst/GEN_AXI4.I_FULL_AXI/I_RD_CHNL/GEN_RDATA_NO_ECC.GEN_RDATA[31].axi_rdata_int[31]_i_1_n_0 |                5 |             64 |
|  design_1_i/clk_wiz_0/inst/clk_out1 | design_1_i/DSP/axi_bram_ctrl_0/U0/gext_inst.abcv4_0_ext_inst/GEN_AXI4.I_FULL_AXI/I_WR_CHNL/wrdata_reg_ld                                                       |                                                                                                                                                     |                6 |             64 |
|  design_1_i/clk_wiz_0/inst/clk_out1 | design_1_i/DSP/axi_bram_ctrl_0/U0/gext_inst.abcv4_0_ext_inst/GEN_AXI4.I_FULL_AXI/I_RD_CHNL/rd_skid_buf_ld                                                      | design_1_i/DSP/axi_bram_ctrl_0/U0/gext_inst.abcv4_0_ext_inst/GEN_AXI4.I_FULL_AXI/I_RD_CHNL/I_WRAP_BRST/bram_rst_a                                   |                5 |             64 |
|  design_1_i/clk_wiz_0/inst/clk_out1 | design_1_i/myip_0/inst/myip_v1_0_S00_AXI_inst/slv_reg_rden__0                                                                                                  | design_1_i/myip_0/inst/myip_v1_0_S00_AXI_inst/axi_awready_i_1_n_0                                                                                   |               11 |             64 |
|  design_1_i/clk_wiz_0/inst/clk_out1 | design_1_i/DSP/DSP_register_0/inst/DSP_register_v1_0_S00_AXI_inst/slv_reg_rden__0                                                                              | design_1_i/DSP/DSP_register_0/inst/DSP_register_v1_0_S00_AXI_inst/slv_reg0[0]_i_1_n_0                                                               |               10 |             64 |
| ~design_1_i/clk_wiz_0/inst/clk_out1 | design_1_i/DAC_IF_0/inst/bitCounter                                                                                                                            | design_1_i/DAC_IF_0/inst/p_0_in                                                                                                                     |                7 |             64 |
|  design_1_i/clk_wiz_0/inst/clk_out1 | design_1_i/ps7_0_axi_periph/m00_couplers/auto_pc/inst/gen_axilite.gen_b2s_conv.axilite_b2s/SI_REG/r.r_pipe/skid_buffer_reg[0]_0                                |                                                                                                                                                     |                6 |             66 |
|  design_1_i/clk_wiz_0/inst/clk_out1 | design_1_i/ps7_0_axi_periph/m01_couplers/auto_pc/inst/gen_axilite.gen_b2s_conv.axilite_b2s/SI_REG/r.r_pipe/skid_buffer_reg[0]_0                                |                                                                                                                                                     |                7 |             66 |
|  design_1_i/clk_wiz_0/inst/clk_out1 | design_1_i/ps7_0_axi_periph/m01_couplers/auto_pc/inst/gen_axilite.gen_b2s_conv.axilite_b2s/SI_REG/r.r_pipe/p_1_in                                              |                                                                                                                                                     |                9 |             66 |
|  design_1_i/clk_wiz_0/inst/clk_out1 | design_1_i/ps7_0_axi_periph/m00_couplers/auto_pc/inst/gen_axilite.gen_b2s_conv.axilite_b2s/SI_REG/r.r_pipe/p_1_in                                              |                                                                                                                                                     |                7 |             66 |
|  design_1_i/clk_wiz_0/inst/clk_out1 | design_1_i/ps7_0_axi_periph/xbar/inst/gen_sasd.crossbar_sasd_0/addr_arbiter_inst/E[0]                                                                          |                                                                                                                                                     |                7 |             70 |
|  design_1_i/clk_wiz_0/inst/clk_out1 |                                                                                                                                                                | design_1_i/ps7_0_axi_periph/m00_couplers/auto_pc/inst/gen_axilite.gen_b2s_conv.axilite_b2s/areset_d1                                                |               12 |             92 |
|  design_1_i/clk_wiz_0/inst/clk_out1 |                                                                                                                                                                | design_1_i/ps7_0_axi_periph/m01_couplers/auto_pc/inst/gen_axilite.gen_b2s_conv.axilite_b2s/areset_d1                                                |               16 |             92 |
|  design_1_i/clk_wiz_0/inst/clk_out1 | design_1_i/ps7_0_axi_periph/xbar/inst/gen_sasd.crossbar_sasd_0/addr_arbiter_inst/p_0_in1_in                                                                    | design_1_i/ps7_0_axi_periph/xbar/inst/gen_sasd.crossbar_sasd_0/addr_arbiter_inst/SR[0]                                                              |               16 |            104 |
|  design_1_i/clk_wiz_0/inst/clk_out1 |                                                                                                                                                                |                                                                                                                                                     |              320 |           2242 |
+-------------------------------------+----------------------------------------------------------------------------------------------------------------------------------------------------------------+-----------------------------------------------------------------------------------------------------------------------------------------------------+------------------+----------------+


